<?xml version="1.0" encoding="UTF-8"?>
<testsuite xmlns:xsi="http://www.w3.org/2001/XMLSchema-instance" xsi:noNamespaceSchemaLocation="https://maven.apache.org/surefire/maven-surefire-plugin/xsd/surefire-test-report.xsd" name="com.here.cucumberTest" time="0.152" tests="1" errors="1" skipped="0" failures="0">
  <properties>
[...]
</properties>
  <testcase name="initializationError" classname="com.here.cucumberTest" time="0.008">
    <error message="cucumber/io/ResourceLoader" type="java.lang.NoClassDefFoundError">java.lang.NoClassDefFoundError: cucumber/io/ResourceLoader
Caused by: java.lang.ClassNotFoundException: cucumber.io.ResourceLoader
</error>
  </testcase>
</testsuite>